<?xml version="1.0" encoding="UTF-8"?>
<!-- Generated by org.testng.reporters.JUnitReportReporter -->
<testsuite hostname="DESKTOP-5NIFL4P" failures="0" tests="2" name="Cucumberoptions.TestNgtestrunner" time="0.315" errors="0" timestamp="2021-09-23T18:23:26 IST" skipped="0">
  <testcase classname="Cucumberoptions.TestNgtestrunner" name="runScenario" time="0.022"/>
  <system-out/>
  <testcase classname="Cucumberoptions.TestNgtestrunner" name="runScenario" time="0.293"/>
  <system-out/>
</testsuite> <!-- Cucumberoptions.TestNgtestrunner -->
